<?xml version="1.0" encoding="UTF-8"?>
<robot generator="Robot 7.0.1 (Python 3.11.9 on win32)" generated="2024-06-24T10:49:09.850251" rpa="false" schemaversion="5">
<suite id="s1" name="Ouvrir Fermer Navigateur" source="C:\Users\hp\Projet_Final\robot\ouvrir_fermer_navigateur.robot">
<test id="s1-t1" name="Ouvrir et Fermer Navigateur" line="9">
<kw name="Open Browser" owner="SeleniumLibrary">
<msg time="2024-06-24T10:49:09.973464" level="INFO">Opening browser 'chrome' to base url 'http://example.com'.</msg>
<arg>${url}</arg>
<arg>chrome</arg>
<doc>Opens a new browser instance to the optional ``url``.</doc>
<status status="PASS" start="2024-06-24T10:49:09.973464" elapsed="5.886536"/>
</kw>
<kw name="Sleep" owner="BuiltIn">
<msg time="2024-06-24T10:49:20.860872" level="INFO">Slept 5 seconds.</msg>
<arg>5 seconds</arg>
<doc>Pauses the test executed for the given time.</doc>
<status status="PASS" start="2024-06-24T10:49:15.860000" elapsed="5.000872"/>
</kw>
<kw name="Close Browser" owner="SeleniumLibrary">
<doc>Closes the current browser.</doc>
<status status="PASS" start="2024-06-24T10:49:20.861888" elapsed="2.121671"/>
</kw>
<doc>Ouvrir le navigateur et aller à l'URL spécifiée, puis fermer le navigateur.</doc>
<status status="PASS" start="2024-06-24T10:49:09.972488" elapsed="13.012069"/>
</test>
<status status="PASS" start="2024-06-24T10:49:09.851245" elapsed="13.134317"/>
</suite>
<statistics>
<total>
<stat pass="1" fail="0" skip="0">All Tests</stat>
</total>
<tag>
</tag>
<suite>
<stat pass="1" fail="0" skip="0" id="s1" name="Ouvrir Fermer Navigateur">Ouvrir Fermer Navigateur</stat>
</suite>
</statistics>
<errors>
</errors>
</robot>
